{"level":30,"time":1746278880339,"pid":3644,"hostname":"unknown","env":"development","context":"eventsService","msg":"Started connection cleanup interval"}
{"level":30,"time":1746278884318,"pid":22620,"hostname":"unknown","env":"development","context":"eventsService","msg":"Started connection cleanup interval"}
{"level":30,"time":1746278885538,"pid":3644,"hostname":"unknown","env":"development","context":"eventsService","msg":"Started connection cleanup interval"}
{"level":30,"time":1746278894391,"pid":3644,"hostname":"unknown","env":"development","context":"eventsService","msg":"Started connection cleanup interval"}
{"level":30,"time":1746278894453,"pid":3644,"hostname":"unknown","env":"development","context":"recordings/route","msg":"Fetching recordings"}
{"level":30,"time":1746278896749,"pid":30964,"hostname":"unknown","env":"development","context":"eventsService","msg":"Started connection cleanup interval"}
{"level":30,"time":1746278954014,"pid":3644,"hostname":"unknown","env":"development","context":"recordings/route","msg":"Fetching recordings"}
{"level":30,"time":1746278958177,"pid":3644,"hostname":"unknown","env":"development","context":"eventsService","msg":"Started connection cleanup interval"}
{"level":30,"time":1746278961467,"pid":27208,"hostname":"unknown","env":"development","context":"eventsService","msg":"Started connection cleanup interval"}
{"level":30,"time":1746278963062,"pid":3644,"hostname":"unknown","env":"development","context":"recordings/route","msg":"Fetching recordings"}
{"level":30,"time":1746278963582,"pid":3644,"hostname":"unknown","env":"development","context":"eventsService","msg":"Started connection cleanup interval"}
{"level":30,"time":1746278968552,"pid":20460,"hostname":"unknown","env":"development","context":"eventsService","msg":"Started connection cleanup interval"}
{"level":30,"time":1746279020850,"pid":3644,"hostname":"unknown","env":"development","context":"recordings/route","msg":"Fetching recordings"}
{"level":30,"time":1746279080939,"pid":3644,"hostname":"unknown","env":"development","context":"recordings/route","msg":"Fetching recordings"}
{"level":30,"time":1746279140909,"pid":3644,"hostname":"unknown","env":"development","context":"recordings/route","msg":"Fetching recordings"}
{"level":30,"time":1746279203008,"pid":3644,"hostname":"unknown","env":"development","context":"recordings/route","msg":"Fetching recordings"}
{"level":30,"time":1746279260893,"pid":3644,"hostname":"unknown","env":"development","context":"recordings/route","msg":"Fetching recordings"}
{"level":30,"time":1746279320960,"pid":3644,"hostname":"unknown","env":"development","context":"recordings/route","msg":"Fetching recordings"}
{"level":30,"time":1746279331304,"pid":3644,"hostname":"unknown","env":"development","context":"eventsService","msg":"Started connection cleanup interval"}
{"level":30,"time":1746279333097,"pid":3644,"hostname":"unknown","env":"development","context":"eventsService","msg":"Started connection cleanup interval"}
{"level":30,"time":1746279334654,"pid":2260,"hostname":"unknown","env":"development","context":"eventsService","msg":"Started connection cleanup interval"}
{"level":30,"time":1746279337206,"pid":3644,"hostname":"unknown","env":"development","context":"recordings/route","msg":"Fetching recordings"}
{"level":30,"time":1746279341395,"pid":29860,"hostname":"unknown","env":"development","context":"eventsService","msg":"Started connection cleanup interval"}
{"level":30,"time":1746279395375,"pid":3644,"hostname":"unknown","env":"development","context":"recordings/route","msg":"Fetching recordings"}
{"level":30,"time":1746279456121,"pid":3644,"hostname":"unknown","env":"development","context":"recordings/route","msg":"Fetching recordings"}
{"level":30,"time":1746279516343,"pid":3644,"hostname":"unknown","env":"development","context":"recordings/route","msg":"Fetching recordings"}
{"level":30,"time":1746279575556,"pid":3644,"hostname":"unknown","env":"development","context":"recordings/route","msg":"Fetching recordings"}
{"level":30,"time":1746279625345,"pid":3644,"hostname":"unknown","env":"development","context":"eventsService","msg":"Started connection cleanup interval"}
{"level":30,"time":1746279627780,"pid":3644,"hostname":"unknown","env":"development","context":"eventsService","msg":"Started connection cleanup interval"}
{"level":30,"time":1746279628578,"pid":19292,"hostname":"unknown","env":"development","context":"eventsService","msg":"Started connection cleanup interval"}
{"level":30,"time":1746279635675,"pid":3644,"hostname":"unknown","env":"development","context":"recordings/route","msg":"Fetching recordings"}
{"level":30,"time":1746279639876,"pid":4984,"hostname":"unknown","env":"development","context":"eventsService","msg":"Started connection cleanup interval"}
{"level":30,"time":1746279642932,"pid":3644,"hostname":"unknown","env":"development","context":"eventsService","msg":"Started connection cleanup interval"}
{"level":30,"time":1746279645895,"pid":30504,"hostname":"unknown","env":"development","context":"eventsService","msg":"Started connection cleanup interval"}
{"level":30,"time":1746279650400,"pid":3644,"hostname":"unknown","env":"development","context":"eventsService","msg":"Started connection cleanup interval"}
{"level":30,"time":1746279659168,"pid":28964,"hostname":"unknown","env":"development","context":"eventsService","msg":"Started connection cleanup interval"}
{"level":30,"time":1746279692475,"pid":28100,"hostname":"unknown","env":"development","context":"eventsService","msg":"Started connection cleanup interval"}
{"level":30,"time":1746279696767,"pid":3644,"hostname":"unknown","env":"development","context":"recordings/route","msg":"Fetching recordings"}
{"level":30,"time":1746279705394,"pid":31976,"hostname":"unknown","env":"development","context":"eventsService","msg":"Started connection cleanup interval"}
{"level":30,"time":1746279707242,"pid":3644,"hostname":"unknown","env":"development","context":"eventsService","msg":"Started connection cleanup interval"}
{"level":30,"time":1746279709678,"pid":3644,"hostname":"unknown","env":"development","context":"eventsService","msg":"Started connection cleanup interval"}
{"level":30,"time":1746279710478,"pid":30024,"hostname":"unknown","env":"development","context":"eventsService","msg":"Started connection cleanup interval"}
{"level":30,"time":1746279714509,"pid":3644,"hostname":"unknown","env":"development","context":"eventsService","msg":"Started connection cleanup interval"}
{"level":30,"time":1746279718149,"pid":3644,"hostname":"unknown","env":"development","context":"LogStatusAPI","msg":"Log status endpoint called"}
{"level":30,"time":1746279719065,"pid":3644,"hostname":"unknown","env":"development","context":"eventsService","msg":"Started connection cleanup interval"}
{"level":30,"time":1746279719382,"pid":3644,"hostname":"unknown","env":"development","context":"recordings/route","msg":"Fetching recordings"}
{"level":30,"time":1746279722313,"pid":3644,"hostname":"unknown","env":"development","context":"SSE","msg":"SSE stream requested with Accept header: text/event-stream"}
{"level":30,"time":1746279722313,"pid":3644,"hostname":"unknown","env":"development","context":"SSE","msg":"Valid SSE connection request received"}
{"level":30,"time":1746279722314,"pid":3644,"hostname":"unknown","env":"development","context":"SSE","connectionId":"e52f2861-5be5-4efa-9ef2-02a193ebd032","msg":"Connection opened: e52f2861-5be5-4efa-9ef2-02a193ebd032"}
{"level":30,"time":1746279722314,"pid":3644,"hostname":"unknown","env":"development","context":"eventsService","msg":"Client connected: e52f2861-5be5-4efa-9ef2-02a193ebd032, total clients: 1"}
{"level":20,"time":1746279722314,"pid":3644,"hostname":"unknown","env":"development","context":"eventsService","msg":"Current event listener counts:"}
{"level":20,"time":1746279722315,"pid":3644,"hostname":"unknown","env":"development","context":"SSE","connectionId":"e52f2861-5be5-4efa-9ef2-02a193ebd032","msg":"Listener counts before adding new listeners for connection e52f2861-5be5-4efa-9ef2-02a193ebd032:"}
{"level":20,"time":1746279722315,"pid":3644,"hostname":"unknown","env":"development","context":"SSE","connectionId":"e52f2861-5be5-4efa-9ef2-02a193ebd032","msg":"video:updated: 0 listeners"}
{"level":20,"time":1746279722315,"pid":3644,"hostname":"unknown","env":"development","context":"SSE","connectionId":"e52f2861-5be5-4efa-9ef2-02a193ebd032","msg":"video:created: 0 listeners"}
{"level":20,"time":1746279722315,"pid":3644,"hostname":"unknown","env":"development","context":"SSE","connectionId":"e52f2861-5be5-4efa-9ef2-02a193ebd032","msg":"video:deleted: 0 listeners"}
{"level":20,"time":1746279722315,"pid":3644,"hostname":"unknown","env":"development","context":"SSE","connectionId":"e52f2861-5be5-4efa-9ef2-02a193ebd032","msg":"video:upload:started: 0 listeners"}
{"level":20,"time":1746279722315,"pid":3644,"hostname":"unknown","env":"development","context":"SSE","connectionId":"e52f2861-5be5-4efa-9ef2-02a193ebd032","msg":"video:upload:progress: 0 listeners"}
{"level":20,"time":1746279722315,"pid":3644,"hostname":"unknown","env":"development","context":"SSE","connectionId":"e52f2861-5be5-4efa-9ef2-02a193ebd032","msg":"video:upload:completed: 0 listeners"}
{"level":20,"time":1746279722315,"pid":3644,"hostname":"unknown","env":"development","context":"SSE","connectionId":"e52f2861-5be5-4efa-9ef2-02a193ebd032","msg":"video:upload:error: 0 listeners"}
{"level":20,"time":1746279722315,"pid":3644,"hostname":"unknown","env":"development","context":"SSE","connectionId":"e52f2861-5be5-4efa-9ef2-02a193ebd032","msg":"video:status:ready: 0 listeners"}
{"level":20,"time":1746279722315,"pid":3644,"hostname":"unknown","env":"development","context":"SSE","connectionId":"e52f2861-5be5-4efa-9ef2-02a193ebd032","msg":"video:status:updated: 0 listeners"}
{"level":20,"time":1746279722315,"pid":3644,"hostname":"unknown","env":"development","context":"SSE","connectionId":"e52f2861-5be5-4efa-9ef2-02a193ebd032","msg":"video:list:refresh: 0 listeners"}
{"level":20,"time":1746279722315,"pid":3644,"hostname":"unknown","env":"development","context":"SSE","connectionId":"e52f2861-5be5-4efa-9ef2-02a193ebd032","msg":"live:stream:created: 0 listeners"}
{"level":20,"time":1746279722315,"pid":3644,"hostname":"unknown","env":"development","context":"SSE","connectionId":"e52f2861-5be5-4efa-9ef2-02a193ebd032","msg":"live:stream:updated: 0 listeners"}
{"level":20,"time":1746279722315,"pid":3644,"hostname":"unknown","env":"development","context":"SSE","connectionId":"e52f2861-5be5-4efa-9ef2-02a193ebd032","msg":"live:stream:deleted: 0 listeners"}
{"level":20,"time":1746279722315,"pid":3644,"hostname":"unknown","env":"development","context":"SSE","connectionId":"e52f2861-5be5-4efa-9ef2-02a193ebd032","msg":"live:stream:active: 0 listeners"}
{"level":20,"time":1746279722315,"pid":3644,"hostname":"unknown","env":"development","context":"SSE","connectionId":"e52f2861-5be5-4efa-9ef2-02a193ebd032","msg":"live:stream:idle: 0 listeners"}
{"level":20,"time":1746279722315,"pid":3644,"hostname":"unknown","env":"development","context":"SSE","connectionId":"e52f2861-5be5-4efa-9ef2-02a193ebd032","msg":"live:stream:disconnected: 0 listeners"}
{"level":20,"time":1746279722315,"pid":3644,"hostname":"unknown","env":"development","context":"SSE","connectionId":"e52f2861-5be5-4efa-9ef2-02a193ebd032","msg":"live:stream:recording: 0 listeners"}
{"level":20,"time":1746279722315,"pid":3644,"hostname":"unknown","env":"development","context":"SSE","connectionId":"e52f2861-5be5-4efa-9ef2-02a193ebd032","msg":"live:stream:status:updated: 0 listeners"}
{"level":20,"time":1746279722315,"pid":3644,"hostname":"unknown","env":"development","context":"SSE","connectionId":"e52f2861-5be5-4efa-9ef2-02a193ebd032","msg":"live:stream:simulcast:updated: 0 listeners"}
{"level":20,"time":1746279722315,"pid":3644,"hostname":"unknown","env":"development","context":"SSE","connectionId":"e52f2861-5be5-4efa-9ef2-02a193ebd032","msg":"live:stream:simulcast:connected: 0 listeners"}
{"level":20,"time":1746279722315,"pid":3644,"hostname":"unknown","env":"development","context":"SSE","connectionId":"e52f2861-5be5-4efa-9ef2-02a193ebd032","msg":"live:stream:simulcast:disconnected: 0 listeners"}
{"level":20,"time":1746279722315,"pid":3644,"hostname":"unknown","env":"development","context":"SSE","connectionId":"e52f2861-5be5-4efa-9ef2-02a193ebd032","msg":"live:stream:simulcast:error: 0 listeners"}
{"level":20,"time":1746279722315,"pid":3644,"hostname":"unknown","env":"development","context":"SSE","connectionId":"e52f2861-5be5-4efa-9ef2-02a193ebd032","msg":"recording:created: 0 listeners"}
{"level":20,"time":1746279722315,"pid":3644,"hostname":"unknown","env":"development","context":"SSE","connectionId":"e52f2861-5be5-4efa-9ef2-02a193ebd032","msg":"recording:ready: 0 listeners"}
{"level":20,"time":1746279722315,"pid":3644,"hostname":"unknown","env":"development","context":"SSE","connectionId":"e52f2861-5be5-4efa-9ef2-02a193ebd032","msg":"recording:updated: 0 listeners"}
{"level":20,"time":1746279722315,"pid":3644,"hostname":"unknown","env":"development","context":"SSE","connectionId":"e52f2861-5be5-4efa-9ef2-02a193ebd032","msg":"simulated:live:created: 0 listeners"}
{"level":20,"time":1746279722315,"pid":3644,"hostname":"unknown","env":"development","context":"SSE","connectionId":"e52f2861-5be5-4efa-9ef2-02a193ebd032","msg":"simulated:live:started: 0 listeners"}
{"level":20,"time":1746279722315,"pid":3644,"hostname":"unknown","env":"development","context":"SSE","connectionId":"e52f2861-5be5-4efa-9ef2-02a193ebd032","msg":"simulated:live:ended: 0 listeners"}
{"level":20,"time":1746279722315,"pid":3644,"hostname":"unknown","env":"development","context":"SSE","connectionId":"e52f2861-5be5-4efa-9ef2-02a193ebd032","msg":"modal:open: 0 listeners"}
{"level":20,"time":1746279722315,"pid":3644,"hostname":"unknown","env":"development","context":"SSE","connectionId":"e52f2861-5be5-4efa-9ef2-02a193ebd032","msg":"modal:close: 0 listeners"}
{"level":20,"time":1746279722315,"pid":3644,"hostname":"unknown","env":"development","context":"SSE","connectionId":"e52f2861-5be5-4efa-9ef2-02a193ebd032","msg":"notification: 0 listeners"}
{"level":20,"time":1746279722315,"pid":3644,"hostname":"unknown","env":"development","context":"SSE","connectionId":"e52f2861-5be5-4efa-9ef2-02a193ebd032","msg":"navigation:start: 0 listeners"}
{"level":20,"time":1746279722315,"pid":3644,"hostname":"unknown","env":"development","context":"SSE","connectionId":"e52f2861-5be5-4efa-9ef2-02a193ebd032","msg":"navigation:end: 0 listeners"}
{"level":20,"time":1746279722315,"pid":3644,"hostname":"unknown","env":"development","context":"SSE","connectionId":"e52f2861-5be5-4efa-9ef2-02a193ebd032","event":"video:updated","msg":"Added listener for video:updated to connection e52f2861-5be5-4efa-9ef2-02a193ebd032, now 1 listeners"}
{"level":20,"time":1746279722315,"pid":3644,"hostname":"unknown","env":"development","context":"SSE","connectionId":"e52f2861-5be5-4efa-9ef2-02a193ebd032","event":"video:created","msg":"Added listener for video:created to connection e52f2861-5be5-4efa-9ef2-02a193ebd032, now 1 listeners"}
{"level":20,"time":1746279722315,"pid":3644,"hostname":"unknown","env":"development","context":"SSE","connectionId":"e52f2861-5be5-4efa-9ef2-02a193ebd032","event":"video:deleted","msg":"Added listener for video:deleted to connection e52f2861-5be5-4efa-9ef2-02a193ebd032, now 1 listeners"}
{"level":20,"time":1746279722315,"pid":3644,"hostname":"unknown","env":"development","context":"SSE","connectionId":"e52f2861-5be5-4efa-9ef2-02a193ebd032","event":"video:upload:started","msg":"Added listener for video:upload:started to connection e52f2861-5be5-4efa-9ef2-02a193ebd032, now 1 listeners"}
{"level":20,"time":1746279722315,"pid":3644,"hostname":"unknown","env":"development","context":"SSE","connectionId":"e52f2861-5be5-4efa-9ef2-02a193ebd032","event":"video:upload:progress","msg":"Added listener for video:upload:progress to connection e52f2861-5be5-4efa-9ef2-02a193ebd032, now 1 listeners"}
{"level":20,"time":1746279722315,"pid":3644,"hostname":"unknown","env":"development","context":"SSE","connectionId":"e52f2861-5be5-4efa-9ef2-02a193ebd032","event":"video:upload:completed","msg":"Added listener for video:upload:completed to connection e52f2861-5be5-4efa-9ef2-02a193ebd032, now 1 listeners"}
{"level":20,"time":1746279722315,"pid":3644,"hostname":"unknown","env":"development","context":"SSE","connectionId":"e52f2861-5be5-4efa-9ef2-02a193ebd032","event":"video:upload:error","msg":"Added listener for video:upload:error to connection e52f2861-5be5-4efa-9ef2-02a193ebd032, now 1 listeners"}
{"level":20,"time":1746279722315,"pid":3644,"hostname":"unknown","env":"development","context":"SSE","connectionId":"e52f2861-5be5-4efa-9ef2-02a193ebd032","event":"video:status:ready","msg":"Added listener for video:status:ready to connection e52f2861-5be5-4efa-9ef2-02a193ebd032, now 1 listeners"}
{"level":20,"time":1746279722315,"pid":3644,"hostname":"unknown","env":"development","context":"SSE","connectionId":"e52f2861-5be5-4efa-9ef2-02a193ebd032","event":"video:status:updated","msg":"Added listener for video:status:updated to connection e52f2861-5be5-4efa-9ef2-02a193ebd032, now 1 listeners"}
{"level":20,"time":1746279722315,"pid":3644,"hostname":"unknown","env":"development","context":"SSE","connectionId":"e52f2861-5be5-4efa-9ef2-02a193ebd032","event":"video:list:refresh","msg":"Added listener for video:list:refresh to connection e52f2861-5be5-4efa-9ef2-02a193ebd032, now 1 listeners"}
{"level":20,"time":1746279722315,"pid":3644,"hostname":"unknown","env":"development","context":"SSE","connectionId":"e52f2861-5be5-4efa-9ef2-02a193ebd032","event":"live:stream:created","msg":"Added listener for live:stream:created to connection e52f2861-5be5-4efa-9ef2-02a193ebd032, now 1 listeners"}
{"level":20,"time":1746279722315,"pid":3644,"hostname":"unknown","env":"development","context":"SSE","connectionId":"e52f2861-5be5-4efa-9ef2-02a193ebd032","event":"live:stream:updated","msg":"Added listener for live:stream:updated to connection e52f2861-5be5-4efa-9ef2-02a193ebd032, now 1 listeners"}
{"level":20,"time":1746279722315,"pid":3644,"hostname":"unknown","env":"development","context":"SSE","connectionId":"e52f2861-5be5-4efa-9ef2-02a193ebd032","event":"live:stream:deleted","msg":"Added listener for live:stream:deleted to connection e52f2861-5be5-4efa-9ef2-02a193ebd032, now 1 listeners"}
{"level":20,"time":1746279722315,"pid":3644,"hostname":"unknown","env":"development","context":"SSE","connectionId":"e52f2861-5be5-4efa-9ef2-02a193ebd032","event":"live:stream:active","msg":"Added listener for live:stream:active to connection e52f2861-5be5-4efa-9ef2-02a193ebd032, now 1 listeners"}
{"level":20,"time":1746279722315,"pid":3644,"hostname":"unknown","env":"development","context":"SSE","connectionId":"e52f2861-5be5-4efa-9ef2-02a193ebd032","event":"live:stream:idle","msg":"Added listener for live:stream:idle to connection e52f2861-5be5-4efa-9ef2-02a193ebd032, now 1 listeners"}
{"level":20,"time":1746279722315,"pid":3644,"hostname":"unknown","env":"development","context":"SSE","connectionId":"e52f2861-5be5-4efa-9ef2-02a193ebd032","event":"live:stream:disconnected","msg":"Added listener for live:stream:disconnected to connection e52f2861-5be5-4efa-9ef2-02a193ebd032, now 1 listeners"}
{"level":20,"time":1746279722315,"pid":3644,"hostname":"unknown","env":"development","context":"SSE","connectionId":"e52f2861-5be5-4efa-9ef2-02a193ebd032","event":"live:stream:recording","msg":"Added listener for live:stream:recording to connection e52f2861-5be5-4efa-9ef2-02a193ebd032, now 1 listeners"}
{"level":20,"time":1746279722315,"pid":3644,"hostname":"unknown","env":"development","context":"SSE","connectionId":"e52f2861-5be5-4efa-9ef2-02a193ebd032","event":"live:stream:status:updated","msg":"Added listener for live:stream:status:updated to connection e52f2861-5be5-4efa-9ef2-02a193ebd032, now 1 listeners"}
{"level":20,"time":1746279722315,"pid":3644,"hostname":"unknown","env":"development","context":"SSE","connectionId":"e52f2861-5be5-4efa-9ef2-02a193ebd032","event":"live:stream:simulcast:updated","msg":"Added listener for live:stream:simulcast:updated to connection e52f2861-5be5-4efa-9ef2-02a193ebd032, now 1 listeners"}
{"level":20,"time":1746279722315,"pid":3644,"hostname":"unknown","env":"development","context":"SSE","connectionId":"e52f2861-5be5-4efa-9ef2-02a193ebd032","event":"live:stream:simulcast:connected","msg":"Added listener for live:stream:simulcast:connected to connection e52f2861-5be5-4efa-9ef2-02a193ebd032, now 1 listeners"}
{"level":20,"time":1746279722315,"pid":3644,"hostname":"unknown","env":"development","context":"SSE","connectionId":"e52f2861-5be5-4efa-9ef2-02a193ebd032","event":"live:stream:simulcast:disconnected","msg":"Added listener for live:stream:simulcast:disconnected to connection e52f2861-5be5-4efa-9ef2-02a193ebd032, now 1 listeners"}
{"level":20,"time":1746279722315,"pid":3644,"hostname":"unknown","env":"development","context":"SSE","connectionId":"e52f2861-5be5-4efa-9ef2-02a193ebd032","event":"live:stream:simulcast:error","msg":"Added listener for live:stream:simulcast:error to connection e52f2861-5be5-4efa-9ef2-02a193ebd032, now 1 listeners"}
{"level":20,"time":1746279722315,"pid":3644,"hostname":"unknown","env":"development","context":"SSE","connectionId":"e52f2861-5be5-4efa-9ef2-02a193ebd032","event":"recording:created","msg":"Added listener for recording:created to connection e52f2861-5be5-4efa-9ef2-02a193ebd032, now 1 listeners"}
{"level":20,"time":1746279722315,"pid":3644,"hostname":"unknown","env":"development","context":"SSE","connectionId":"e52f2861-5be5-4efa-9ef2-02a193ebd032","event":"recording:ready","msg":"Added listener for recording:ready to connection e52f2861-5be5-4efa-9ef2-02a193ebd032, now 1 listeners"}
{"level":20,"time":1746279722315,"pid":3644,"hostname":"unknown","env":"development","context":"SSE","connectionId":"e52f2861-5be5-4efa-9ef2-02a193ebd032","event":"recording:updated","msg":"Added listener for recording:updated to connection e52f2861-5be5-4efa-9ef2-02a193ebd032, now 1 listeners"}
{"level":20,"time":1746279722315,"pid":3644,"hostname":"unknown","env":"development","context":"SSE","connectionId":"e52f2861-5be5-4efa-9ef2-02a193ebd032","event":"simulated:live:created","msg":"Added listener for simulated:live:created to connection e52f2861-5be5-4efa-9ef2-02a193ebd032, now 1 listeners"}
{"level":20,"time":1746279722315,"pid":3644,"hostname":"unknown","env":"development","context":"SSE","connectionId":"e52f2861-5be5-4efa-9ef2-02a193ebd032","event":"simulated:live:started","msg":"Added listener for simulated:live:started to connection e52f2861-5be5-4efa-9ef2-02a193ebd032, now 1 listeners"}
{"level":20,"time":1746279722315,"pid":3644,"hostname":"unknown","env":"development","context":"SSE","connectionId":"e52f2861-5be5-4efa-9ef2-02a193ebd032","event":"simulated:live:ended","msg":"Added listener for simulated:live:ended to connection e52f2861-5be5-4efa-9ef2-02a193ebd032, now 1 listeners"}
{"level":20,"time":1746279722316,"pid":3644,"hostname":"unknown","env":"development","context":"SSE","connectionId":"e52f2861-5be5-4efa-9ef2-02a193ebd032","event":"modal:open","msg":"Added listener for modal:open to connection e52f2861-5be5-4efa-9ef2-02a193ebd032, now 1 listeners"}
{"level":20,"time":1746279722316,"pid":3644,"hostname":"unknown","env":"development","context":"SSE","connectionId":"e52f2861-5be5-4efa-9ef2-02a193ebd032","event":"modal:close","msg":"Added listener for modal:close to connection e52f2861-5be5-4efa-9ef2-02a193ebd032, now 1 listeners"}
{"level":20,"time":1746279722316,"pid":3644,"hostname":"unknown","env":"development","context":"SSE","connectionId":"e52f2861-5be5-4efa-9ef2-02a193ebd032","event":"notification","msg":"Added listener for notification to connection e52f2861-5be5-4efa-9ef2-02a193ebd032, now 1 listeners"}
{"level":20,"time":1746279722316,"pid":3644,"hostname":"unknown","env":"development","context":"SSE","connectionId":"e52f2861-5be5-4efa-9ef2-02a193ebd032","event":"navigation:start","msg":"Added listener for navigation:start to connection e52f2861-5be5-4efa-9ef2-02a193ebd032, now 1 listeners"}
{"level":20,"time":1746279722316,"pid":3644,"hostname":"unknown","env":"development","context":"SSE","connectionId":"e52f2861-5be5-4efa-9ef2-02a193ebd032","event":"navigation:end","msg":"Added listener for navigation:end to connection e52f2861-5be5-4efa-9ef2-02a193ebd032, now 1 listeners"}
{"level":30,"time":1746279722475,"pid":3644,"hostname":"unknown","env":"development","context":"SSE","msg":"SSE stream requested with Accept header: text/event-stream"}
{"level":30,"time":1746279722475,"pid":3644,"hostname":"unknown","env":"development","context":"SSE","msg":"Valid SSE connection request received"}
{"level":30,"time":1746279722475,"pid":3644,"hostname":"unknown","env":"development","context":"SSE","connectionId":"03aa1cf5-c799-4dda-b7b4-b2aa36c15450","msg":"Connection opened: 03aa1cf5-c799-4dda-b7b4-b2aa36c15450"}
{"level":30,"time":1746279722475,"pid":3644,"hostname":"unknown","env":"development","context":"eventsService","msg":"Client connected: 03aa1cf5-c799-4dda-b7b4-b2aa36c15450, total clients: 2"}
{"level":20,"time":1746279722475,"pid":3644,"hostname":"unknown","env":"development","context":"eventsService","msg":"Current event listener counts:"}
{"level":20,"time":1746279722475,"pid":3644,"hostname":"unknown","env":"development","context":"SSE","connectionId":"03aa1cf5-c799-4dda-b7b4-b2aa36c15450","msg":"Listener counts before adding new listeners for connection 03aa1cf5-c799-4dda-b7b4-b2aa36c15450:"}
{"level":20,"time":1746279722475,"pid":3644,"hostname":"unknown","env":"development","context":"SSE","connectionId":"03aa1cf5-c799-4dda-b7b4-b2aa36c15450","msg":"video:updated: 1 listeners"}
{"level":20,"time":1746279722475,"pid":3644,"hostname":"unknown","env":"development","context":"SSE","connectionId":"03aa1cf5-c799-4dda-b7b4-b2aa36c15450","msg":"video:created: 1 listeners"}
{"level":20,"time":1746279722475,"pid":3644,"hostname":"unknown","env":"development","context":"SSE","connectionId":"03aa1cf5-c799-4dda-b7b4-b2aa36c15450","msg":"video:deleted: 1 listeners"}
{"level":20,"time":1746279722475,"pid":3644,"hostname":"unknown","env":"development","context":"SSE","connectionId":"03aa1cf5-c799-4dda-b7b4-b2aa36c15450","msg":"video:upload:started: 1 listeners"}
{"level":20,"time":1746279722475,"pid":3644,"hostname":"unknown","env":"development","context":"SSE","connectionId":"03aa1cf5-c799-4dda-b7b4-b2aa36c15450","msg":"video:upload:progress: 1 listeners"}
{"level":20,"time":1746279722475,"pid":3644,"hostname":"unknown","env":"development","context":"SSE","connectionId":"03aa1cf5-c799-4dda-b7b4-b2aa36c15450","msg":"video:upload:completed: 1 listeners"}
{"level":20,"time":1746279722475,"pid":3644,"hostname":"unknown","env":"development","context":"SSE","connectionId":"03aa1cf5-c799-4dda-b7b4-b2aa36c15450","msg":"video:upload:error: 1 listeners"}
{"level":20,"time":1746279722475,"pid":3644,"hostname":"unknown","env":"development","context":"SSE","connectionId":"03aa1cf5-c799-4dda-b7b4-b2aa36c15450","msg":"video:status:ready: 1 listeners"}
{"level":20,"time":1746279722475,"pid":3644,"hostname":"unknown","env":"development","context":"SSE","connectionId":"03aa1cf5-c799-4dda-b7b4-b2aa36c15450","msg":"video:status:updated: 1 listeners"}
{"level":20,"time":1746279722475,"pid":3644,"hostname":"unknown","env":"development","context":"SSE","connectionId":"03aa1cf5-c799-4dda-b7b4-b2aa36c15450","msg":"video:list:refresh: 1 listeners"}
{"level":20,"time":1746279722475,"pid":3644,"hostname":"unknown","env":"development","context":"SSE","connectionId":"03aa1cf5-c799-4dda-b7b4-b2aa36c15450","msg":"live:stream:created: 1 listeners"}
{"level":20,"time":1746279722475,"pid":3644,"hostname":"unknown","env":"development","context":"SSE","connectionId":"03aa1cf5-c799-4dda-b7b4-b2aa36c15450","msg":"live:stream:updated: 1 listeners"}
{"level":20,"time":1746279722475,"pid":3644,"hostname":"unknown","env":"development","context":"SSE","connectionId":"03aa1cf5-c799-4dda-b7b4-b2aa36c15450","msg":"live:stream:deleted: 1 listeners"}
{"level":20,"time":1746279722475,"pid":3644,"hostname":"unknown","env":"development","context":"SSE","connectionId":"03aa1cf5-c799-4dda-b7b4-b2aa36c15450","msg":"live:stream:active: 1 listeners"}
{"level":20,"time":1746279722475,"pid":3644,"hostname":"unknown","env":"development","context":"SSE","connectionId":"03aa1cf5-c799-4dda-b7b4-b2aa36c15450","msg":"live:stream:idle: 1 listeners"}
{"level":20,"time":1746279722475,"pid":3644,"hostname":"unknown","env":"development","context":"SSE","connectionId":"03aa1cf5-c799-4dda-b7b4-b2aa36c15450","msg":"live:stream:disconnected: 1 listeners"}
{"level":20,"time":1746279722475,"pid":3644,"hostname":"unknown","env":"development","context":"SSE","connectionId":"03aa1cf5-c799-4dda-b7b4-b2aa36c15450","msg":"live:stream:recording: 1 listeners"}
{"level":20,"time":1746279722475,"pid":3644,"hostname":"unknown","env":"development","context":"SSE","connectionId":"03aa1cf5-c799-4dda-b7b4-b2aa36c15450","msg":"live:stream:status:updated: 1 listeners"}
{"level":20,"time":1746279722475,"pid":3644,"hostname":"unknown","env":"development","context":"SSE","connectionId":"03aa1cf5-c799-4dda-b7b4-b2aa36c15450","msg":"live:stream:simulcast:updated: 1 listeners"}
{"level":20,"time":1746279722475,"pid":3644,"hostname":"unknown","env":"development","context":"SSE","connectionId":"03aa1cf5-c799-4dda-b7b4-b2aa36c15450","msg":"live:stream:simulcast:connected: 1 listeners"}
{"level":20,"time":1746279722475,"pid":3644,"hostname":"unknown","env":"development","context":"SSE","connectionId":"03aa1cf5-c799-4dda-b7b4-b2aa36c15450","msg":"live:stream:simulcast:disconnected: 1 listeners"}
{"level":20,"time":1746279722475,"pid":3644,"hostname":"unknown","env":"development","context":"SSE","connectionId":"03aa1cf5-c799-4dda-b7b4-b2aa36c15450","msg":"live:stream:simulcast:error: 1 listeners"}
{"level":20,"time":1746279722475,"pid":3644,"hostname":"unknown","env":"development","context":"SSE","connectionId":"03aa1cf5-c799-4dda-b7b4-b2aa36c15450","msg":"recording:created: 1 listeners"}
{"level":20,"time":1746279722475,"pid":3644,"hostname":"unknown","env":"development","context":"SSE","connectionId":"03aa1cf5-c799-4dda-b7b4-b2aa36c15450","msg":"recording:ready: 1 listeners"}
{"level":20,"time":1746279722475,"pid":3644,"hostname":"unknown","env":"development","context":"SSE","connectionId":"03aa1cf5-c799-4dda-b7b4-b2aa36c15450","msg":"recording:updated: 1 listeners"}
{"level":20,"time":1746279722475,"pid":3644,"hostname":"unknown","env":"development","context":"SSE","connectionId":"03aa1cf5-c799-4dda-b7b4-b2aa36c15450","msg":"simulated:live:created: 1 listeners"}
{"level":20,"time":1746279722475,"pid":3644,"hostname":"unknown","env":"development","context":"SSE","connectionId":"03aa1cf5-c799-4dda-b7b4-b2aa36c15450","msg":"simulated:live:started: 1 listeners"}
{"level":20,"time":1746279722475,"pid":3644,"hostname":"unknown","env":"development","context":"SSE","connectionId":"03aa1cf5-c799-4dda-b7b4-b2aa36c15450","msg":"simulated:live:ended: 1 listeners"}
{"level":20,"time":1746279722475,"pid":3644,"hostname":"unknown","env":"development","context":"SSE","connectionId":"03aa1cf5-c799-4dda-b7b4-b2aa36c15450","msg":"modal:open: 1 listeners"}
{"level":20,"time":1746279722475,"pid":3644,"hostname":"unknown","env":"development","context":"SSE","connectionId":"03aa1cf5-c799-4dda-b7b4-b2aa36c15450","msg":"modal:close: 1 listeners"}
{"level":20,"time":1746279722475,"pid":3644,"hostname":"unknown","env":"development","context":"SSE","connectionId":"03aa1cf5-c799-4dda-b7b4-b2aa36c15450","msg":"notification: 1 listeners"}
{"level":20,"time":1746279722475,"pid":3644,"hostname":"unknown","env":"development","context":"SSE","connectionId":"03aa1cf5-c799-4dda-b7b4-b2aa36c15450","msg":"navigation:start: 1 listeners"}
{"level":20,"time":1746279722475,"pid":3644,"hostname":"unknown","env":"development","context":"SSE","connectionId":"03aa1cf5-c799-4dda-b7b4-b2aa36c15450","msg":"navigation:end: 1 listeners"}
{"level":20,"time":1746279722475,"pid":3644,"hostname":"unknown","env":"development","context":"SSE","connectionId":"03aa1cf5-c799-4dda-b7b4-b2aa36c15450","event":"video:updated","msg":"Added listener for video:updated to connection 03aa1cf5-c799-4dda-b7b4-b2aa36c15450, now 2 listeners"}
{"level":20,"time":1746279722475,"pid":3644,"hostname":"unknown","env":"development","context":"SSE","connectionId":"03aa1cf5-c799-4dda-b7b4-b2aa36c15450","event":"video:created","msg":"Added listener for video:created to connection 03aa1cf5-c799-4dda-b7b4-b2aa36c15450, now 2 listeners"}
{"level":20,"time":1746279722475,"pid":3644,"hostname":"unknown","env":"development","context":"SSE","connectionId":"03aa1cf5-c799-4dda-b7b4-b2aa36c15450","event":"video:deleted","msg":"Added listener for video:deleted to connection 03aa1cf5-c799-4dda-b7b4-b2aa36c15450, now 2 listeners"}
{"level":20,"time":1746279722475,"pid":3644,"hostname":"unknown","env":"development","context":"SSE","connectionId":"03aa1cf5-c799-4dda-b7b4-b2aa36c15450","event":"video:upload:started","msg":"Added listener for video:upload:started to connection 03aa1cf5-c799-4dda-b7b4-b2aa36c15450, now 2 listeners"}
{"level":20,"time":1746279722475,"pid":3644,"hostname":"unknown","env":"development","context":"SSE","connectionId":"03aa1cf5-c799-4dda-b7b4-b2aa36c15450","event":"video:upload:progress","msg":"Added listener for video:upload:progress to connection 03aa1cf5-c799-4dda-b7b4-b2aa36c15450, now 2 listeners"}
{"level":20,"time":1746279722475,"pid":3644,"hostname":"unknown","env":"development","context":"SSE","connectionId":"03aa1cf5-c799-4dda-b7b4-b2aa36c15450","event":"video:upload:completed","msg":"Added listener for video:upload:completed to connection 03aa1cf5-c799-4dda-b7b4-b2aa36c15450, now 2 listeners"}
{"level":20,"time":1746279722475,"pid":3644,"hostname":"unknown","env":"development","context":"SSE","connectionId":"03aa1cf5-c799-4dda-b7b4-b2aa36c15450","event":"video:upload:error","msg":"Added listener for video:upload:error to connection 03aa1cf5-c799-4dda-b7b4-b2aa36c15450, now 2 listeners"}
{"level":20,"time":1746279722475,"pid":3644,"hostname":"unknown","env":"development","context":"SSE","connectionId":"03aa1cf5-c799-4dda-b7b4-b2aa36c15450","event":"video:status:ready","msg":"Added listener for video:status:ready to connection 03aa1cf5-c799-4dda-b7b4-b2aa36c15450, now 2 listeners"}
{"level":20,"time":1746279722475,"pid":3644,"hostname":"unknown","env":"development","context":"SSE","connectionId":"03aa1cf5-c799-4dda-b7b4-b2aa36c15450","event":"video:status:updated","msg":"Added listener for video:status:updated to connection 03aa1cf5-c799-4dda-b7b4-b2aa36c15450, now 2 listeners"}
{"level":20,"time":1746279722475,"pid":3644,"hostname":"unknown","env":"development","context":"SSE","connectionId":"03aa1cf5-c799-4dda-b7b4-b2aa36c15450","event":"video:list:refresh","msg":"Added listener for video:list:refresh to connection 03aa1cf5-c799-4dda-b7b4-b2aa36c15450, now 2 listeners"}
{"level":20,"time":1746279722475,"pid":3644,"hostname":"unknown","env":"development","context":"SSE","connectionId":"03aa1cf5-c799-4dda-b7b4-b2aa36c15450","event":"live:stream:created","msg":"Added listener for live:stream:created to connection 03aa1cf5-c799-4dda-b7b4-b2aa36c15450, now 2 listeners"}
{"level":20,"time":1746279722475,"pid":3644,"hostname":"unknown","env":"development","context":"SSE","connectionId":"03aa1cf5-c799-4dda-b7b4-b2aa36c15450","event":"live:stream:updated","msg":"Added listener for live:stream:updated to connection 03aa1cf5-c799-4dda-b7b4-b2aa36c15450, now 2 listeners"}
{"level":20,"time":1746279722476,"pid":3644,"hostname":"unknown","env":"development","context":"SSE","connectionId":"03aa1cf5-c799-4dda-b7b4-b2aa36c15450","event":"live:stream:deleted","msg":"Added listener for live:stream:deleted to connection 03aa1cf5-c799-4dda-b7b4-b2aa36c15450, now 2 listeners"}
{"level":20,"time":1746279722476,"pid":3644,"hostname":"unknown","env":"development","context":"SSE","connectionId":"03aa1cf5-c799-4dda-b7b4-b2aa36c15450","event":"live:stream:active","msg":"Added listener for live:stream:active to connection 03aa1cf5-c799-4dda-b7b4-b2aa36c15450, now 2 listeners"}
{"level":20,"time":1746279722476,"pid":3644,"hostname":"unknown","env":"development","context":"SSE","connectionId":"03aa1cf5-c799-4dda-b7b4-b2aa36c15450","event":"live:stream:idle","msg":"Added listener for live:stream:idle to connection 03aa1cf5-c799-4dda-b7b4-b2aa36c15450, now 2 listeners"}
{"level":20,"time":1746279722476,"pid":3644,"hostname":"unknown","env":"development","context":"SSE","connectionId":"03aa1cf5-c799-4dda-b7b4-b2aa36c15450","event":"live:stream:disconnected","msg":"Added listener for live:stream:disconnected to connection 03aa1cf5-c799-4dda-b7b4-b2aa36c15450, now 2 listeners"}
{"level":20,"time":1746279722476,"pid":3644,"hostname":"unknown","env":"development","context":"SSE","connectionId":"03aa1cf5-c799-4dda-b7b4-b2aa36c15450","event":"live:stream:recording","msg":"Added listener for live:stream:recording to connection 03aa1cf5-c799-4dda-b7b4-b2aa36c15450, now 2 listeners"}
{"level":20,"time":1746279722476,"pid":3644,"hostname":"unknown","env":"development","context":"SSE","connectionId":"03aa1cf5-c799-4dda-b7b4-b2aa36c15450","event":"live:stream:status:updated","msg":"Added listener for live:stream:status:updated to connection 03aa1cf5-c799-4dda-b7b4-b2aa36c15450, now 2 listeners"}
{"level":20,"time":1746279722476,"pid":3644,"hostname":"unknown","env":"development","context":"SSE","connectionId":"03aa1cf5-c799-4dda-b7b4-b2aa36c15450","event":"live:stream:simulcast:updated","msg":"Added listener for live:stream:simulcast:updated to connection 03aa1cf5-c799-4dda-b7b4-b2aa36c15450, now 2 listeners"}
{"level":20,"time":1746279722476,"pid":3644,"hostname":"unknown","env":"development","context":"SSE","connectionId":"03aa1cf5-c799-4dda-b7b4-b2aa36c15450","event":"live:stream:simulcast:connected","msg":"Added listener for live:stream:simulcast:connected to connection 03aa1cf5-c799-4dda-b7b4-b2aa36c15450, now 2 listeners"}
{"level":20,"time":1746279722476,"pid":3644,"hostname":"unknown","env":"development","context":"SSE","connectionId":"03aa1cf5-c799-4dda-b7b4-b2aa36c15450","event":"live:stream:simulcast:disconnected","msg":"Added listener for live:stream:simulcast:disconnected to connection 03aa1cf5-c799-4dda-b7b4-b2aa36c15450, now 2 listeners"}
{"level":20,"time":1746279722476,"pid":3644,"hostname":"unknown","env":"development","context":"SSE","connectionId":"03aa1cf5-c799-4dda-b7b4-b2aa36c15450","event":"live:stream:simulcast:error","msg":"Added listener for live:stream:simulcast:error to connection 03aa1cf5-c799-4dda-b7b4-b2aa36c15450, now 2 listeners"}
{"level":20,"time":1746279722476,"pid":3644,"hostname":"unknown","env":"development","context":"SSE","connectionId":"03aa1cf5-c799-4dda-b7b4-b2aa36c15450","event":"recording:created","msg":"Added listener for recording:created to connection 03aa1cf5-c799-4dda-b7b4-b2aa36c15450, now 2 listeners"}
{"level":20,"time":1746279722476,"pid":3644,"hostname":"unknown","env":"development","context":"SSE","connectionId":"03aa1cf5-c799-4dda-b7b4-b2aa36c15450","event":"recording:ready","msg":"Added listener for recording:ready to connection 03aa1cf5-c799-4dda-b7b4-b2aa36c15450, now 2 listeners"}
{"level":20,"time":1746279722476,"pid":3644,"hostname":"unknown","env":"development","context":"SSE","connectionId":"03aa1cf5-c799-4dda-b7b4-b2aa36c15450","event":"recording:updated","msg":"Added listener for recording:updated to connection 03aa1cf5-c799-4dda-b7b4-b2aa36c15450, now 2 listeners"}
{"level":20,"time":1746279722476,"pid":3644,"hostname":"unknown","env":"development","context":"SSE","connectionId":"03aa1cf5-c799-4dda-b7b4-b2aa36c15450","event":"simulated:live:created","msg":"Added listener for simulated:live:created to connection 03aa1cf5-c799-4dda-b7b4-b2aa36c15450, now 2 listeners"}
{"level":20,"time":1746279722476,"pid":3644,"hostname":"unknown","env":"development","context":"SSE","connectionId":"03aa1cf5-c799-4dda-b7b4-b2aa36c15450","event":"simulated:live:started","msg":"Added listener for simulated:live:started to connection 03aa1cf5-c799-4dda-b7b4-b2aa36c15450, now 2 listeners"}
{"level":20,"time":1746279722476,"pid":3644,"hostname":"unknown","env":"development","context":"SSE","connectionId":"03aa1cf5-c799-4dda-b7b4-b2aa36c15450","event":"simulated:live:ended","msg":"Added listener for simulated:live:ended to connection 03aa1cf5-c799-4dda-b7b4-b2aa36c15450, now 2 listeners"}
{"level":20,"time":1746279722476,"pid":3644,"hostname":"unknown","env":"development","context":"SSE","connectionId":"03aa1cf5-c799-4dda-b7b4-b2aa36c15450","event":"modal:open","msg":"Added listener for modal:open to connection 03aa1cf5-c799-4dda-b7b4-b2aa36c15450, now 2 listeners"}
{"level":20,"time":1746279722476,"pid":3644,"hostname":"unknown","env":"development","context":"SSE","connectionId":"03aa1cf5-c799-4dda-b7b4-b2aa36c15450","event":"modal:close","msg":"Added listener for modal:close to connection 03aa1cf5-c799-4dda-b7b4-b2aa36c15450, now 2 listeners"}
{"level":20,"time":1746279722476,"pid":3644,"hostname":"unknown","env":"development","context":"SSE","connectionId":"03aa1cf5-c799-4dda-b7b4-b2aa36c15450","event":"notification","msg":"Added listener for notification to connection 03aa1cf5-c799-4dda-b7b4-b2aa36c15450, now 2 listeners"}
{"level":20,"time":1746279722476,"pid":3644,"hostname":"unknown","env":"development","context":"SSE","connectionId":"03aa1cf5-c799-4dda-b7b4-b2aa36c15450","event":"navigation:start","msg":"Added listener for navigation:start to connection 03aa1cf5-c799-4dda-b7b4-b2aa36c15450, now 2 listeners"}
{"level":20,"time":1746279722476,"pid":3644,"hostname":"unknown","env":"development","context":"SSE","connectionId":"03aa1cf5-c799-4dda-b7b4-b2aa36c15450","event":"navigation:end","msg":"Added listener for navigation:end to connection 03aa1cf5-c799-4dda-b7b4-b2aa36c15450, now 2 listeners"}
{"level":30,"time":1746279722751,"pid":3644,"hostname":"unknown","env":"development","context":"EventBridge (Client)","client":{"userAgent":"Mozilla/5.0 (Windows NT 10.0; Win64; x64) AppleWebKit/537.36 (KHTML, like Gecko) Chrome/135.0.0.0 Safari/537.36","url":"http://localhost:3000/admin"},"msg":"EventBridge initializing - connecting to SSE stream"}
{"level":30,"time":1746279722810,"pid":3644,"hostname":"unknown","env":"development","context":"EventBridge (Client)","client":{"userAgent":"Mozilla/5.0 (Windows NT 10.0; Win64; x64) AppleWebKit/537.36 (KHTML, like Gecko) Chrome/135.0.0.0 Safari/537.36","url":"http://localhost:3000/admin"},"msg":"Creating EventSource connection to /api/events/stream"}
{"level":30,"time":1746279722972,"pid":3644,"hostname":"unknown","env":"development","context":"EventBridge (Client)","client":{"userAgent":"Mozilla/5.0 (Windows NT 10.0; Win64; x64) AppleWebKit/537.36 (KHTML, like Gecko) Chrome/135.0.0.0 Safari/537.36","url":"http://localhost:3000/admin"},"msg":"EventSource connection created, waiting for open event"}
{"level":20,"time":1746279724092,"pid":3644,"hostname":"unknown","env":"development","context":"EventBridge (Client)","client":{"userAgent":"Mozilla/5.0 (Windows NT 10.0; Win64; x64) AppleWebKit/537.36 (KHTML, like Gecko) Chrome/135.0.0.0 Safari/537.36","url":"http://localhost:3000/admin"},"msg":"Registering listener for event: video:updated"}
{"level":20,"time":1746279724536,"pid":3644,"hostname":"unknown","env":"development","context":"EventBridge (Client)","client":{"userAgent":"Mozilla/5.0 (Windows NT 10.0; Win64; x64) AppleWebKit/537.36 (KHTML, like Gecko) Chrome/135.0.0.0 Safari/537.36","url":"http://localhost:3000/admin"},"msg":"Registering listener for event: video:created"}
{"level":20,"time":1746279724698,"pid":3644,"hostname":"unknown","env":"development","context":"EventBridge (Client)","client":{"userAgent":"Mozilla/5.0 (Windows NT 10.0; Win64; x64) AppleWebKit/537.36 (KHTML, like Gecko) Chrome/135.0.0.0 Safari/537.36","url":"http://localhost:3000/admin"},"msg":"Registering listener for event: video:deleted"}
{"level":20,"time":1746279724892,"pid":3644,"hostname":"unknown","env":"development","context":"EventBridge (Client)","client":{"userAgent":"Mozilla/5.0 (Windows NT 10.0; Win64; x64) AppleWebKit/537.36 (KHTML, like Gecko) Chrome/135.0.0.0 Safari/537.36","url":"http://localhost:3000/admin"},"msg":"Registering listener for event: video:upload:started"}
{"level":30,"time":1746279724539,"pid":4532,"hostname":"unknown","env":"development","context":"eventsService","msg":"Started connection cleanup interval"}
{"level":20,"time":1746279726005,"pid":3644,"hostname":"unknown","env":"development","context":"EventBridge (Client)","client":{"userAgent":"Mozilla/5.0 (Windows NT 10.0; Win64; x64) AppleWebKit/537.36 (KHTML, like Gecko) Chrome/135.0.0.0 Safari/537.36","url":"http://localhost:3000/admin"},"msg":"Registering listener for event: video:upload:progress"}
{"level":20,"time":1746279726295,"pid":3644,"hostname":"unknown","env":"development","context":"EventBridge (Client)","client":{"userAgent":"Mozilla/5.0 (Windows NT 10.0; Win64; x64) AppleWebKit/537.36 (KHTML, like Gecko) Chrome/135.0.0.0 Safari/537.36","url":"http://localhost:3000/admin"},"msg":"Registering listener for event: video:upload:error"}
{"level":20,"time":1746279726308,"pid":3644,"hostname":"unknown","env":"development","context":"EventBridge (Client)","client":{"userAgent":"Mozilla/5.0 (Windows NT 10.0; Win64; x64) AppleWebKit/537.36 (KHTML, like Gecko) Chrome/135.0.0.0 Safari/537.36","url":"http://localhost:3000/admin"},"msg":"Registering listener for event: video:upload:completed"}
{"level":20,"time":1746279726448,"pid":3644,"hostname":"unknown","env":"development","context":"EventBridge (Client)","client":{"userAgent":"Mozilla/5.0 (Windows NT 10.0; Win64; x64) AppleWebKit/537.36 (KHTML, like Gecko) Chrome/135.0.0.0 Safari/537.36","url":"http://localhost:3000/admin"},"msg":"Registering listener for event: video:status:ready"}
{"level":20,"time":1746279727542,"pid":3644,"hostname":"unknown","env":"development","context":"EventBridge (Client)","client":{"userAgent":"Mozilla/5.0 (Windows NT 10.0; Win64; x64) AppleWebKit/537.36 (KHTML, like Gecko) Chrome/135.0.0.0 Safari/537.36","url":"http://localhost:3000/admin"},"msg":"Registering listener for event: video:status:updated"}
{"level":20,"time":1746279727732,"pid":3644,"hostname":"unknown","env":"development","context":"EventBridge (Client)","client":{"userAgent":"Mozilla/5.0 (Windows NT 10.0; Win64; x64) AppleWebKit/537.36 (KHTML, like Gecko) Chrome/135.0.0.0 Safari/537.36","url":"http://localhost:3000/admin"},"msg":"Registering listener for event: video:list:refresh"}
{"level":20,"time":1746279727768,"pid":3644,"hostname":"unknown","env":"development","context":"EventBridge (Client)","client":{"userAgent":"Mozilla/5.0 (Windows NT 10.0; Win64; x64) AppleWebKit/537.36 (KHTML, like Gecko) Chrome/135.0.0.0 Safari/537.36","url":"http://localhost:3000/admin"},"msg":"Registering listener for event: live:stream:updated"}
{"level":20,"time":1746279727829,"pid":3644,"hostname":"unknown","env":"development","context":"EventBridge (Client)","client":{"userAgent":"Mozilla/5.0 (Windows NT 10.0; Win64; x64) AppleWebKit/537.36 (KHTML, like Gecko) Chrome/135.0.0.0 Safari/537.36","url":"http://localhost:3000/admin"},"msg":"Registering listener for event: live:stream:created"}
{"level":20,"time":1746279730701,"pid":3644,"hostname":"unknown","env":"development","context":"EventBridge (Client)","client":{"userAgent":"Mozilla/5.0 (Windows NT 10.0; Win64; x64) AppleWebKit/537.36 (KHTML, like Gecko) Chrome/135.0.0.0 Safari/537.36","url":"http://localhost:3000/admin"},"msg":"Registering listener for event: live:stream:deleted"}
{"level":20,"time":1746279730929,"pid":3644,"hostname":"unknown","env":"development","context":"EventBridge (Client)","client":{"userAgent":"Mozilla/5.0 (Windows NT 10.0; Win64; x64) AppleWebKit/537.36 (KHTML, like Gecko) Chrome/135.0.0.0 Safari/537.36","url":"http://localhost:3000/admin"},"msg":"Registering listener for event: live:stream:disconnected"}
{"level":20,"time":1746279730957,"pid":3644,"hostname":"unknown","env":"development","context":"EventBridge (Client)","client":{"userAgent":"Mozilla/5.0 (Windows NT 10.0; Win64; x64) AppleWebKit/537.36 (KHTML, like Gecko) Chrome/135.0.0.0 Safari/537.36","url":"http://localhost:3000/admin"},"msg":"Registering listener for event: live:stream:idle"}
{"level":20,"time":1746279730966,"pid":3644,"hostname":"unknown","env":"development","context":"EventBridge (Client)","client":{"userAgent":"Mozilla/5.0 (Windows NT 10.0; Win64; x64) AppleWebKit/537.36 (KHTML, like Gecko) Chrome/135.0.0.0 Safari/537.36","url":"http://localhost:3000/admin"},"msg":"Registering listener for event: live:stream:active"}
{"level":20,"time":1746279731895,"pid":3644,"hostname":"unknown","env":"development","context":"EventBridge (Client)","client":{"userAgent":"Mozilla/5.0 (Windows NT 10.0; Win64; x64) AppleWebKit/537.36 (KHTML, like Gecko) Chrome/135.0.0.0 Safari/537.36","url":"http://localhost:3000/admin"},"msg":"Registering listener for event: live:stream:recording"}
{"level":20,"time":1746279732058,"pid":3644,"hostname":"unknown","env":"development","context":"EventBridge (Client)","client":{"userAgent":"Mozilla/5.0 (Windows NT 10.0; Win64; x64) AppleWebKit/537.36 (KHTML, like Gecko) Chrome/135.0.0.0 Safari/537.36","url":"http://localhost:3000/admin"},"msg":"Registering listener for event: live:stream:status:updated"}
{"level":20,"time":1746279732179,"pid":3644,"hostname":"unknown","env":"development","context":"EventBridge (Client)","client":{"userAgent":"Mozilla/5.0 (Windows NT 10.0; Win64; x64) AppleWebKit/537.36 (KHTML, like Gecko) Chrome/135.0.0.0 Safari/537.36","url":"http://localhost:3000/admin"},"msg":"Registering listener for event: live:stream:simulcast:connected"}
{"level":20,"time":1746279732314,"pid":3644,"hostname":"unknown","env":"development","context":"EventBridge (Client)","client":{"userAgent":"Mozilla/5.0 (Windows NT 10.0; Win64; x64) AppleWebKit/537.36 (KHTML, like Gecko) Chrome/135.0.0.0 Safari/537.36","url":"http://localhost:3000/admin"},"msg":"Registering listener for event: live:stream:simulcast:updated"}
{"level":20,"time":1746279733270,"pid":3644,"hostname":"unknown","env":"development","context":"EventBridge (Client)","client":{"userAgent":"Mozilla/5.0 (Windows NT 10.0; Win64; x64) AppleWebKit/537.36 (KHTML, like Gecko) Chrome/135.0.0.0 Safari/537.36","url":"http://localhost:3000/admin"},"msg":"Registering listener for event: live:stream:simulcast:disconnected"}
{"level":20,"time":1746279733434,"pid":3644,"hostname":"unknown","env":"development","context":"EventBridge (Client)","client":{"userAgent":"Mozilla/5.0 (Windows NT 10.0; Win64; x64) AppleWebKit/537.36 (KHTML, like Gecko) Chrome/135.0.0.0 Safari/537.36","url":"http://localhost:3000/admin"},"msg":"Registering listener for event: live:stream:simulcast:error"}
{"level":20,"time":1746279733611,"pid":3644,"hostname":"unknown","env":"development","context":"EventBridge (Client)","client":{"userAgent":"Mozilla/5.0 (Windows NT 10.0; Win64; x64) AppleWebKit/537.36 (KHTML, like Gecko) Chrome/135.0.0.0 Safari/537.36","url":"http://localhost:3000/admin"},"msg":"Registering listener for event: recording:created"}
{"level":20,"time":1746279733649,"pid":3644,"hostname":"unknown","env":"development","context":"EventBridge (Client)","client":{"userAgent":"Mozilla/5.0 (Windows NT 10.0; Win64; x64) AppleWebKit/537.36 (KHTML, like Gecko) Chrome/135.0.0.0 Safari/537.36","url":"http://localhost:3000/admin"},"msg":"Registering listener for event: recording:ready"}
{"level":30,"time":1746279735833,"pid":29704,"hostname":"unknown","env":"development","context":"eventsService","msg":"Started connection cleanup interval"}
{"level":20,"time":1746279735840,"pid":3644,"hostname":"unknown","env":"development","context":"EventBridge (Client)","client":{"userAgent":"Mozilla/5.0 (Windows NT 10.0; Win64; x64) AppleWebKit/537.36 (KHTML, like Gecko) Chrome/135.0.0.0 Safari/537.36","url":"http://localhost:3000/admin"},"msg":"Registering listener for event: recording:updated"}
{"level":20,"time":1746279735882,"pid":3644,"hostname":"unknown","env":"development","context":"EventBridge (Client)","client":{"userAgent":"Mozilla/5.0 (Windows NT 10.0; Win64; x64) AppleWebKit/537.36 (KHTML, like Gecko) Chrome/135.0.0.0 Safari/537.36","url":"http://localhost:3000/admin"},"msg":"Registering listener for event: simulated:live:created"}
{"level":20,"time":1746279736107,"pid":3644,"hostname":"unknown","env":"development","context":"EventBridge (Client)","client":{"userAgent":"Mozilla/5.0 (Windows NT 10.0; Win64; x64) AppleWebKit/537.36 (KHTML, like Gecko) Chrome/135.0.0.0 Safari/537.36","url":"http://localhost:3000/admin"},"msg":"Registering listener for event: simulated:live:started"}
{"level":20,"time":1746279736234,"pid":3644,"hostname":"unknown","env":"development","context":"EventBridge (Client)","client":{"userAgent":"Mozilla/5.0 (Windows NT 10.0; Win64; x64) AppleWebKit/537.36 (KHTML, like Gecko) Chrome/135.0.0.0 Safari/537.36","url":"http://localhost:3000/admin"},"msg":"Registering listener for event: simulated:live:ended"}
{"level":20,"time":1746279737305,"pid":3644,"hostname":"unknown","env":"development","context":"EventBridge (Client)","client":{"userAgent":"Mozilla/5.0 (Windows NT 10.0; Win64; x64) AppleWebKit/537.36 (KHTML, like Gecko) Chrome/135.0.0.0 Safari/537.36","url":"http://localhost:3000/admin"},"msg":"Registering listener for event: modal:open"}
{"level":20,"time":1746279737316,"pid":3644,"hostname":"unknown","env":"development","context":"EventBridge (Client)","client":{"userAgent":"Mozilla/5.0 (Windows NT 10.0; Win64; x64) AppleWebKit/537.36 (KHTML, like Gecko) Chrome/135.0.0.0 Safari/537.36","url":"http://localhost:3000/admin"},"msg":"Registering listener for event: modal:close"}
{"level":20,"time":1746279737330,"pid":3644,"hostname":"unknown","env":"development","context":"EventBridge (Client)","client":{"userAgent":"Mozilla/5.0 (Windows NT 10.0; Win64; x64) AppleWebKit/537.36 (KHTML, like Gecko) Chrome/135.0.0.0 Safari/537.36","url":"http://localhost:3000/admin"},"msg":"Registering listener for event: notification"}
{"level":20,"time":1746279737487,"pid":3644,"hostname":"unknown","env":"development","context":"EventBridge (Client)","client":{"userAgent":"Mozilla/5.0 (Windows NT 10.0; Win64; x64) AppleWebKit/537.36 (KHTML, like Gecko) Chrome/135.0.0.0 Safari/537.36","url":"http://localhost:3000/admin"},"msg":"Registering listener for event: navigation:start"}
{"level":20,"time":1746279738375,"pid":3644,"hostname":"unknown","env":"development","context":"EventBridge (Client)","client":{"userAgent":"Mozilla/5.0 (Windows NT 10.0; Win64; x64) AppleWebKit/537.36 (KHTML, like Gecko) Chrome/135.0.0.0 Safari/537.36","url":"http://localhost:3000/admin"},"msg":"Registering listener for event: navigation:end"}
{"level":20,"time":1746279738523,"pid":3644,"hostname":"unknown","env":"development","context":"EventBus (Client)","client":{"userAgent":"Mozilla/5.0 (Windows NT 10.0; Win64; x64) AppleWebKit/537.36 (KHTML, like Gecko) Chrome/135.0.0.0 Safari/537.36","url":"http://localhost:3000/admin"},"msg":"Subscribing to event: notification"}
{"level":30,"time":1746279738614,"pid":3644,"hostname":"unknown","env":"development","context":"EventBridge (Client)","client":{"userAgent":"Mozilla/5.0 (Windows NT 10.0; Win64; x64) AppleWebKit/537.36 (KHTML, like Gecko) Chrome/135.0.0.0 Safari/537.36","url":"http://localhost:3000/admin"},"msg":"Connection status changed: disconnected"}
{"level":20,"time":1746279738752,"pid":3644,"hostname":"unknown","env":"development","context":"EventBus (Client)","client":{"userAgent":"Mozilla/5.0 (Windows NT 10.0; Win64; x64) AppleWebKit/537.36 (KHTML, like Gecko) Chrome/135.0.0.0 Safari/537.36","url":"http://localhost:3000/admin"},"msg":"Created new event array for: notification"}
{"level":20,"time":1746279739755,"pid":3644,"hostname":"unknown","env":"development","context":"EventBus (Client)","client":{"userAgent":"Mozilla/5.0 (Windows NT 10.0; Win64; x64) AppleWebKit/537.36 (KHTML, like Gecko) Chrome/135.0.0.0 Safari/537.36","url":"http://localhost:3000/admin"},"msg":"Added callback to event: notification, total listeners: 1"}
{"level":20,"time":1746279739789,"pid":3644,"hostname":"unknown","env":"development","context":"EventBus (Client)","client":{"userAgent":"Mozilla/5.0 (Windows NT 10.0; Win64; x64) AppleWebKit/537.36 (KHTML, like Gecko) Chrome/135.0.0.0 Safari/537.36","url":"http://localhost:3000/admin"},"msg":"Created new event array for: undefined"}
{"level":20,"time":1746279739879,"pid":3644,"hostname":"unknown","env":"development","context":"EventBus (Client)","client":{"userAgent":"Mozilla/5.0 (Windows NT 10.0; Win64; x64) AppleWebKit/537.36 (KHTML, like Gecko) Chrome/135.0.0.0 Safari/537.36","url":"http://localhost:3000/admin"},"msg":"Subscribing to event: undefined"}
{"level":20,"time":1746279740066,"pid":3644,"hostname":"unknown","env":"development","context":"EventBus (Client)","client":{"userAgent":"Mozilla/5.0 (Windows NT 10.0; Win64; x64) AppleWebKit/537.36 (KHTML, like Gecko) Chrome/135.0.0.0 Safari/537.36","url":"http://localhost:3000/admin"},"msg":"Added callback to event: undefined, total listeners: 1"}
{"level":30,"time":1746279741010,"pid":3644,"hostname":"unknown","env":"development","context":"AdminEventProviderindex (Client)","client":{"userAgent":"Mozilla/5.0 (Windows NT 10.0; Win64; x64) AppleWebKit/537.36 (KHTML, like Gecko) Chrome/135.0.0.0 Safari/537.36","url":"http://localhost:3000/admin"},"msg":"AdminEventProvider mounted"}
{"level":30,"time":1746279741052,"pid":3644,"hostname":"unknown","env":"development","context":"EventBridge (Client)","client":{"userAgent":"Mozilla/5.0 (Windows NT 10.0; Win64; x64) AppleWebKit/537.36 (KHTML, like Gecko) Chrome/135.0.0.0 Safari/537.36","url":"http://localhost:3000/admin"},"msg":"EventBridge initializing - connecting to SSE stream"}
{"level":30,"time":1746279741153,"pid":3644,"hostname":"unknown","env":"development","context":"EventBridge (Client)","client":{"userAgent":"Mozilla/5.0 (Windows NT 10.0; Win64; x64) AppleWebKit/537.36 (KHTML, like Gecko) Chrome/135.0.0.0 Safari/537.36","url":"http://localhost:3000/admin"},"msg":"Creating EventSource connection to /api/events/stream"}
{"level":30,"time":1746279741330,"pid":3644,"hostname":"unknown","env":"development","context":"EventBridge (Client)","client":{"userAgent":"Mozilla/5.0 (Windows NT 10.0; Win64; x64) AppleWebKit/537.36 (KHTML, like Gecko) Chrome/135.0.0.0 Safari/537.36","url":"http://localhost:3000/admin"},"msg":"EventSource connection created, waiting for open event"}
{"level":20,"time":1746279743053,"pid":3644,"hostname":"unknown","env":"development","context":"EventBridge (Client)","client":{"userAgent":"Mozilla/5.0 (Windows NT 10.0; Win64; x64) AppleWebKit/537.36 (KHTML, like Gecko) Chrome/135.0.0.0 Safari/537.36","url":"http://localhost:3000/admin"},"msg":"Registering listener for event: video:updated"}
{"level":20,"time":1746279743073,"pid":3644,"hostname":"unknown","env":"development","context":"EventBridge (Client)","client":{"userAgent":"Mozilla/5.0 (Windows NT 10.0; Win64; x64) AppleWebKit/537.36 (KHTML, like Gecko) Chrome/135.0.0.0 Safari/537.36","url":"http://localhost:3000/admin"},"msg":"Registering listener for event: video:created"}
{"level":20,"time":1746279743125,"pid":3644,"hostname":"unknown","env":"development","context":"EventBridge (Client)","client":{"userAgent":"Mozilla/5.0 (Windows NT 10.0; Win64; x64) AppleWebKit/537.36 (KHTML, like Gecko) Chrome/135.0.0.0 Safari/537.36","url":"http://localhost:3000/admin"},"msg":"Registering listener for event: video:deleted"}
{"level":20,"time":1746279743319,"pid":3644,"hostname":"unknown","env":"development","context":"EventBridge (Client)","client":{"userAgent":"Mozilla/5.0 (Windows NT 10.0; Win64; x64) AppleWebKit/537.36 (KHTML, like Gecko) Chrome/135.0.0.0 Safari/537.36","url":"http://localhost:3000/admin"},"msg":"Registering listener for event: video:upload:started"}
{"level":20,"time":1746279743976,"pid":3644,"hostname":"unknown","env":"development","context":"EventBridge (Client)","client":{"userAgent":"Mozilla/5.0 (Windows NT 10.0; Win64; x64) AppleWebKit/537.36 (KHTML, like Gecko) Chrome/135.0.0.0 Safari/537.36","url":"http://localhost:3000/admin"},"msg":"Registering listener for event: video:upload:progress"}
{"level":20,"time":1746279743984,"pid":3644,"hostname":"unknown","env":"development","context":"EventBridge (Client)","client":{"userAgent":"Mozilla/5.0 (Windows NT 10.0; Win64; x64) AppleWebKit/537.36 (KHTML, like Gecko) Chrome/135.0.0.0 Safari/537.36","url":"http://localhost:3000/admin"},"msg":"Registering listener for event: video:upload:error"}
{"level":20,"time":1746279744065,"pid":3644,"hostname":"unknown","env":"development","context":"EventBridge (Client)","client":{"userAgent":"Mozilla/5.0 (Windows NT 10.0; Win64; x64) AppleWebKit/537.36 (KHTML, like Gecko) Chrome/135.0.0.0 Safari/537.36","url":"http://localhost:3000/admin"},"msg":"Registering listener for event: video:upload:completed"}
{"level":20,"time":1746279744268,"pid":3644,"hostname":"unknown","env":"development","context":"EventBridge (Client)","client":{"userAgent":"Mozilla/5.0 (Windows NT 10.0; Win64; x64) AppleWebKit/537.36 (KHTML, like Gecko) Chrome/135.0.0.0 Safari/537.36","url":"http://localhost:3000/admin"},"msg":"Registering listener for event: video:status:ready"}
{"level":20,"time":1746279744959,"pid":3644,"hostname":"unknown","env":"development","context":"EventBridge (Client)","client":{"userAgent":"Mozilla/5.0 (Windows NT 10.0; Win64; x64) AppleWebKit/537.36 (KHTML, like Gecko) Chrome/135.0.0.0 Safari/537.36","url":"http://localhost:3000/admin"},"msg":"Registering listener for event: video:status:updated"}
{"level":20,"time":1746279744970,"pid":3644,"hostname":"unknown","env":"development","context":"EventBridge (Client)","client":{"userAgent":"Mozilla/5.0 (Windows NT 10.0; Win64; x64) AppleWebKit/537.36 (KHTML, like Gecko) Chrome/135.0.0.0 Safari/537.36","url":"http://localhost:3000/admin"},"msg":"Registering listener for event: live:stream:created"}
{"level":20,"time":1746279745027,"pid":3644,"hostname":"unknown","env":"development","context":"EventBridge (Client)","client":{"userAgent":"Mozilla/5.0 (Windows NT 10.0; Win64; x64) AppleWebKit/537.36 (KHTML, like Gecko) Chrome/135.0.0.0 Safari/537.36","url":"http://localhost:3000/admin"},"msg":"Registering listener for event: video:list:refresh"}
{"level":20,"time":1746279745212,"pid":3644,"hostname":"unknown","env":"development","context":"EventBridge (Client)","client":{"userAgent":"Mozilla/5.0 (Windows NT 10.0; Win64; x64) AppleWebKit/537.36 (KHTML, like Gecko) Chrome/135.0.0.0 Safari/537.36","url":"http://localhost:3000/admin"},"msg":"Registering listener for event: live:stream:updated"}
{"level":20,"time":1746279745897,"pid":3644,"hostname":"unknown","env":"development","context":"EventBridge (Client)","client":{"userAgent":"Mozilla/5.0 (Windows NT 10.0; Win64; x64) AppleWebKit/537.36 (KHTML, like Gecko) Chrome/135.0.0.0 Safari/537.36","url":"http://localhost:3000/admin"},"msg":"Registering listener for event: live:stream:deleted"}
{"level":20,"time":1746279745906,"pid":3644,"hostname":"unknown","env":"development","context":"EventBridge (Client)","client":{"userAgent":"Mozilla/5.0 (Windows NT 10.0; Win64; x64) AppleWebKit/537.36 (KHTML, like Gecko) Chrome/135.0.0.0 Safari/537.36","url":"http://localhost:3000/admin"},"msg":"Registering listener for event: live:stream:active"}
{"level":20,"time":1746279745943,"pid":3644,"hostname":"unknown","env":"development","context":"EventBridge (Client)","client":{"userAgent":"Mozilla/5.0 (Windows NT 10.0; Win64; x64) AppleWebKit/537.36 (KHTML, like Gecko) Chrome/135.0.0.0 Safari/537.36","url":"http://localhost:3000/admin"},"msg":"Registering listener for event: live:stream:idle"}
{"level":20,"time":1746279746088,"pid":3644,"hostname":"unknown","env":"development","context":"EventBridge (Client)","client":{"userAgent":"Mozilla/5.0 (Windows NT 10.0; Win64; x64) AppleWebKit/537.36 (KHTML, like Gecko) Chrome/135.0.0.0 Safari/537.36","url":"http://localhost:3000/admin"},"msg":"Registering listener for event: live:stream:disconnected"}
{"level":20,"time":1746279746795,"pid":3644,"hostname":"unknown","env":"development","context":"EventBridge (Client)","client":{"userAgent":"Mozilla/5.0 (Windows NT 10.0; Win64; x64) AppleWebKit/537.36 (KHTML, like Gecko) Chrome/135.0.0.0 Safari/537.36","url":"http://localhost:3000/admin"},"msg":"Registering listener for event: live:stream:simulcast:updated"}
{"level":20,"time":1746279746803,"pid":3644,"hostname":"unknown","env":"development","context":"EventBridge (Client)","client":{"userAgent":"Mozilla/5.0 (Windows NT 10.0; Win64; x64) AppleWebKit/537.36 (KHTML, like Gecko) Chrome/135.0.0.0 Safari/537.36","url":"http://localhost:3000/admin"},"msg":"Registering listener for event: live:stream:status:updated"}
{"level":20,"time":1746279746819,"pid":3644,"hostname":"unknown","env":"development","context":"EventBridge (Client)","client":{"userAgent":"Mozilla/5.0 (Windows NT 10.0; Win64; x64) AppleWebKit/537.36 (KHTML, like Gecko) Chrome/135.0.0.0 Safari/537.36","url":"http://localhost:3000/admin"},"msg":"Registering listener for event: live:stream:recording"}
{"level":20,"time":1746279746990,"pid":3644,"hostname":"unknown","env":"development","context":"EventBridge (Client)","client":{"userAgent":"Mozilla/5.0 (Windows NT 10.0; Win64; x64) AppleWebKit/537.36 (KHTML, like Gecko) Chrome/135.0.0.0 Safari/537.36","url":"http://localhost:3000/admin"},"msg":"Registering listener for event: live:stream:simulcast:connected"}
{"level":20,"time":1746279747648,"pid":3644,"hostname":"unknown","env":"development","context":"EventBridge (Client)","client":{"userAgent":"Mozilla/5.0 (Windows NT 10.0; Win64; x64) AppleWebKit/537.36 (KHTML, like Gecko) Chrome/135.0.0.0 Safari/537.36","url":"http://localhost:3000/admin"},"msg":"Registering listener for event: live:stream:simulcast:disconnected"}
{"level":20,"time":1746279747731,"pid":3644,"hostname":"unknown","env":"development","context":"EventBridge (Client)","client":{"userAgent":"Mozilla/5.0 (Windows NT 10.0; Win64; x64) AppleWebKit/537.36 (KHTML, like Gecko) Chrome/135.0.0.0 Safari/537.36","url":"http://localhost:3000/admin"},"msg":"Registering listener for event: recording:created"}
{"level":20,"time":1746279747756,"pid":3644,"hostname":"unknown","env":"development","context":"EventBridge (Client)","client":{"userAgent":"Mozilla/5.0 (Windows NT 10.0; Win64; x64) AppleWebKit/537.36 (KHTML, like Gecko) Chrome/135.0.0.0 Safari/537.36","url":"http://localhost:3000/admin"},"msg":"Registering listener for event: live:stream:simulcast:error"}
{"level":20,"time":1746279747910,"pid":3644,"hostname":"unknown","env":"development","context":"EventBridge (Client)","client":{"userAgent":"Mozilla/5.0 (Windows NT 10.0; Win64; x64) AppleWebKit/537.36 (KHTML, like Gecko) Chrome/135.0.0.0 Safari/537.36","url":"http://localhost:3000/admin"},"msg":"Registering listener for event: recording:ready"}
{"level":20,"time":1746279748567,"pid":3644,"hostname":"unknown","env":"development","context":"EventBridge (Client)","client":{"userAgent":"Mozilla/5.0 (Windows NT 10.0; Win64; x64) AppleWebKit/537.36 (KHTML, like Gecko) Chrome/135.0.0.0 Safari/537.36","url":"http://localhost:3000/admin"},"msg":"Registering listener for event: recording:updated"}
{"level":20,"time":1746279748579,"pid":3644,"hostname":"unknown","env":"development","context":"EventBridge (Client)","client":{"userAgent":"Mozilla/5.0 (Windows NT 10.0; Win64; x64) AppleWebKit/537.36 (KHTML, like Gecko) Chrome/135.0.0.0 Safari/537.36","url":"http://localhost:3000/admin"},"msg":"Registering listener for event: simulated:live:created"}
{"level":20,"time":1746279748671,"pid":3644,"hostname":"unknown","env":"development","context":"EventBridge (Client)","client":{"userAgent":"Mozilla/5.0 (Windows NT 10.0; Win64; x64) AppleWebKit/537.36 (KHTML, like Gecko) Chrome/135.0.0.0 Safari/537.36","url":"http://localhost:3000/admin"},"msg":"Registering listener for event: simulated:live:started"}
{"level":20,"time":1746279748841,"pid":3644,"hostname":"unknown","env":"development","context":"EventBridge (Client)","client":{"userAgent":"Mozilla/5.0 (Windows NT 10.0; Win64; x64) AppleWebKit/537.36 (KHTML, like Gecko) Chrome/135.0.0.0 Safari/537.36","url":"http://localhost:3000/admin"},"msg":"Registering listener for event: simulated:live:ended"}
{"level":20,"time":1746279749519,"pid":3644,"hostname":"unknown","env":"development","context":"EventBridge (Client)","client":{"userAgent":"Mozilla/5.0 (Windows NT 10.0; Win64; x64) AppleWebKit/537.36 (KHTML, like Gecko) Chrome/135.0.0.0 Safari/537.36","url":"http://localhost:3000/admin"},"msg":"Registering listener for event: modal:close"}
{"level":20,"time":1746279750636,"pid":3644,"hostname":"unknown","env":"development","context":"EventBridge (Client)","client":{"userAgent":"Mozilla/5.0 (Windows NT 10.0; Win64; x64) AppleWebKit/537.36 (KHTML, like Gecko) Chrome/135.0.0.0 Safari/537.36","url":"http://localhost:3000/admin"},"msg":"Registering listener for event: notification"}
{"level":20,"time":1746279750719,"pid":3644,"hostname":"unknown","env":"development","context":"EventBridge (Client)","client":{"userAgent":"Mozilla/5.0 (Windows NT 10.0; Win64; x64) AppleWebKit/537.36 (KHTML, like Gecko) Chrome/135.0.0.0 Safari/537.36","url":"http://localhost:3000/admin"},"msg":"Registering listener for event: modal:open"}
{"level":20,"time":1746279750883,"pid":3644,"hostname":"unknown","env":"development","context":"EventBridge (Client)","client":{"userAgent":"Mozilla/5.0 (Windows NT 10.0; Win64; x64) AppleWebKit/537.36 (KHTML, like Gecko) Chrome/135.0.0.0 Safari/537.36","url":"http://localhost:3000/admin"},"msg":"Registering listener for event: navigation:start"}
{"level":20,"time":1746279751594,"pid":3644,"hostname":"unknown","env":"development","context":"EventBridge (Client)","client":{"userAgent":"Mozilla/5.0 (Windows NT 10.0; Win64; x64) AppleWebKit/537.36 (KHTML, like Gecko) Chrome/135.0.0.0 Safari/537.36","url":"http://localhost:3000/admin"},"msg":"Registering listener for event: navigation:end"}
{"level":30,"time":1746279751617,"pid":3644,"hostname":"unknown","env":"development","context":"EventBridge (Client)","client":{"userAgent":"Mozilla/5.0 (Windows NT 10.0; Win64; x64) AppleWebKit/537.36 (KHTML, like Gecko) Chrome/135.0.0.0 Safari/537.36","url":"http://localhost:3000/admin"},"msg":"Connection status changed: disconnected"}
{"level":30,"time":1746279751790,"pid":3644,"hostname":"unknown","env":"development","context":"EventBridge (Client)","client":{"userAgent":"Mozilla/5.0 (Windows NT 10.0; Win64; x64) AppleWebKit/537.36 (KHTML, like Gecko) Chrome/135.0.0.0 Safari/537.36","url":"http://localhost:3000/admin"},"msg":"EventBridge unmounting - closing SSE connection"}
{"level":30,"time":1746279751812,"pid":3644,"hostname":"unknown","env":"development","context":"EventBridge (Client)","client":{"userAgent":"Mozilla/5.0 (Windows NT 10.0; Win64; x64) AppleWebKit/537.36 (KHTML, like Gecko) Chrome/135.0.0.0 Safari/537.36","url":"http://localhost:3000/admin"},"msg":"EventBridge initializing - connecting to SSE stream"}
{"level":30,"time":1746279752569,"pid":3644,"hostname":"unknown","env":"development","context":"EventBridge (Client)","client":{"userAgent":"Mozilla/5.0 (Windows NT 10.0; Win64; x64) AppleWebKit/537.36 (KHTML, like Gecko) Chrome/135.0.0.0 Safari/537.36","url":"http://localhost:3000/admin"},"msg":"Creating EventSource connection to /api/events/stream"}
{"level":30,"time":1746279752642,"pid":3644,"hostname":"unknown","env":"development","context":"EventBridge (Client)","client":{"userAgent":"Mozilla/5.0 (Windows NT 10.0; Win64; x64) AppleWebKit/537.36 (KHTML, like Gecko) Chrome/135.0.0.0 Safari/537.36","url":"http://localhost:3000/admin"},"msg":"EventSource connection created, waiting for open event"}
{"level":20,"time":1746279752768,"pid":3644,"hostname":"unknown","env":"development","context":"EventBridge (Client)","client":{"userAgent":"Mozilla/5.0 (Windows NT 10.0; Win64; x64) AppleWebKit/537.36 (KHTML, like Gecko) Chrome/135.0.0.0 Safari/537.36","url":"http://localhost:3000/admin"},"msg":"Registering listener for event: video:updated"}
{"level":20,"time":1746279752790,"pid":3644,"hostname":"unknown","env":"development","context":"EventBridge (Client)","client":{"userAgent":"Mozilla/5.0 (Windows NT 10.0; Win64; x64) AppleWebKit/537.36 (KHTML, like Gecko) Chrome/135.0.0.0 Safari/537.36","url":"http://localhost:3000/admin"},"msg":"Registering listener for event: video:created"}
{"level":20,"time":1746279753542,"pid":3644,"hostname":"unknown","env":"development","context":"EventBridge (Client)","client":{"userAgent":"Mozilla/5.0 (Windows NT 10.0; Win64; x64) AppleWebKit/537.36 (KHTML, like Gecko) Chrome/135.0.0.0 Safari/537.36","url":"http://localhost:3000/admin"},"msg":"Registering listener for event: video:deleted"}
{"level":20,"time":1746279753636,"pid":3644,"hostname":"unknown","env":"development","context":"EventBridge (Client)","client":{"userAgent":"Mozilla/5.0 (Windows NT 10.0; Win64; x64) AppleWebKit/537.36 (KHTML, like Gecko) Chrome/135.0.0.0 Safari/537.36","url":"http://localhost:3000/admin"},"msg":"Registering listener for event: video:upload:started"}
{"level":20,"time":1746279753720,"pid":3644,"hostname":"unknown","env":"development","context":"EventBridge (Client)","client":{"userAgent":"Mozilla/5.0 (Windows NT 10.0; Win64; x64) AppleWebKit/537.36 (KHTML, like Gecko) Chrome/135.0.0.0 Safari/537.36","url":"http://localhost:3000/admin"},"msg":"Registering listener for event: video:upload:completed"}
{"level":20,"time":1746279753745,"pid":3644,"hostname":"unknown","env":"development","context":"EventBridge (Client)","client":{"userAgent":"Mozilla/5.0 (Windows NT 10.0; Win64; x64) AppleWebKit/537.36 (KHTML, like Gecko) Chrome/135.0.0.0 Safari/537.36","url":"http://localhost:3000/admin"},"msg":"Registering listener for event: video:upload:progress"}
{"level":20,"time":1746279754535,"pid":3644,"hostname":"unknown","env":"development","context":"EventBridge (Client)","client":{"userAgent":"Mozilla/5.0 (Windows NT 10.0; Win64; x64) AppleWebKit/537.36 (KHTML, like Gecko) Chrome/135.0.0.0 Safari/537.36","url":"http://localhost:3000/admin"},"msg":"Registering listener for event: video:upload:error"}
{"level":20,"time":1746279754624,"pid":3644,"hostname":"unknown","env":"development","context":"EventBridge (Client)","client":{"userAgent":"Mozilla/5.0 (Windows NT 10.0; Win64; x64) AppleWebKit/537.36 (KHTML, like Gecko) Chrome/135.0.0.0 Safari/537.36","url":"http://localhost:3000/admin"},"msg":"Registering listener for event: video:status:ready"}
{"level":20,"time":1746279754746,"pid":3644,"hostname":"unknown","env":"development","context":"EventBridge (Client)","client":{"userAgent":"Mozilla/5.0 (Windows NT 10.0; Win64; x64) AppleWebKit/537.36 (KHTML, like Gecko) Chrome/135.0.0.0 Safari/537.36","url":"http://localhost:3000/admin"},"msg":"Registering listener for event: video:status:updated"}
{"level":20,"time":1746279754787,"pid":3644,"hostname":"unknown","env":"development","context":"EventBridge (Client)","client":{"userAgent":"Mozilla/5.0 (Windows NT 10.0; Win64; x64) AppleWebKit/537.36 (KHTML, like Gecko) Chrome/135.0.0.0 Safari/537.36","url":"http://localhost:3000/admin"},"msg":"Registering listener for event: video:list:refresh"}
{"level":20,"time":1746279755505,"pid":3644,"hostname":"unknown","env":"development","context":"EventBridge (Client)","client":{"userAgent":"Mozilla/5.0 (Windows NT 10.0; Win64; x64) AppleWebKit/537.36 (KHTML, like Gecko) Chrome/135.0.0.0 Safari/537.36","url":"http://localhost:3000/admin"},"msg":"Registering listener for event: live:stream:updated"}
{"level":20,"time":1746279755579,"pid":3644,"hostname":"unknown","env":"development","context":"EventBridge (Client)","client":{"userAgent":"Mozilla/5.0 (Windows NT 10.0; Win64; x64) AppleWebKit/537.36 (KHTML, like Gecko) Chrome/135.0.0.0 Safari/537.36","url":"http://localhost:3000/admin"},"msg":"Registering listener for event: live:stream:created"}
{"level":20,"time":1746279755713,"pid":3644,"hostname":"unknown","env":"development","context":"EventBridge (Client)","client":{"userAgent":"Mozilla/5.0 (Windows NT 10.0; Win64; x64) AppleWebKit/537.36 (KHTML, like Gecko) Chrome/135.0.0.0 Safari/537.36","url":"http://localhost:3000/admin"},"msg":"Registering listener for event: live:stream:active"}
{"level":20,"time":1746279755759,"pid":3644,"hostname":"unknown","env":"development","context":"EventBridge (Client)","client":{"userAgent":"Mozilla/5.0 (Windows NT 10.0; Win64; x64) AppleWebKit/537.36 (KHTML, like Gecko) Chrome/135.0.0.0 Safari/537.36","url":"http://localhost:3000/admin"},"msg":"Registering listener for event: live:stream:deleted"}
{"level":20,"time":1746279756581,"pid":3644,"hostname":"unknown","env":"development","context":"EventBridge (Client)","client":{"userAgent":"Mozilla/5.0 (Windows NT 10.0; Win64; x64) AppleWebKit/537.36 (KHTML, like Gecko) Chrome/135.0.0.0 Safari/537.36","url":"http://localhost:3000/admin"},"msg":"Registering listener for event: live:stream:idle"}
{"level":20,"time":1746279758902,"pid":3644,"hostname":"unknown","env":"development","context":"EventBridge (Client)","client":{"userAgent":"Mozilla/5.0 (Windows NT 10.0; Win64; x64) AppleWebKit/537.36 (KHTML, like Gecko) Chrome/135.0.0.0 Safari/537.36","url":"http://localhost:3000/admin"},"msg":"Registering listener for event: live:stream:disconnected"}
{"level":20,"time":1746279759061,"pid":3644,"hostname":"unknown","env":"development","context":"EventBridge (Client)","client":{"userAgent":"Mozilla/5.0 (Windows NT 10.0; Win64; x64) AppleWebKit/537.36 (KHTML, like Gecko) Chrome/135.0.0.0 Safari/537.36","url":"http://localhost:3000/admin"},"msg":"Registering listener for event: live:stream:recording"}
{"level":20,"time":1746279759085,"pid":3644,"hostname":"unknown","env":"development","context":"EventBridge (Client)","client":{"userAgent":"Mozilla/5.0 (Windows NT 10.0; Win64; x64) AppleWebKit/537.36 (KHTML, like Gecko) Chrome/135.0.0.0 Safari/537.36","url":"http://localhost:3000/admin"},"msg":"Registering listener for event: live:stream:status:updated"}
{"level":20,"time":1746279759871,"pid":3644,"hostname":"unknown","env":"development","context":"EventBridge (Client)","client":{"userAgent":"Mozilla/5.0 (Windows NT 10.0; Win64; x64) AppleWebKit/537.36 (KHTML, like Gecko) Chrome/135.0.0.0 Safari/537.36","url":"http://localhost:3000/admin"},"msg":"Registering listener for event: live:stream:simulcast:updated"}
{"level":20,"time":1746279760006,"pid":3644,"hostname":"unknown","env":"development","context":"EventBridge (Client)","client":{"userAgent":"Mozilla/5.0 (Windows NT 10.0; Win64; x64) AppleWebKit/537.36 (KHTML, like Gecko) Chrome/135.0.0.0 Safari/537.36","url":"http://localhost:3000/admin"},"msg":"Registering listener for event: live:stream:simulcast:connected"}
{"level":20,"time":1746279760207,"pid":3644,"hostname":"unknown","env":"development","context":"EventBridge (Client)","client":{"userAgent":"Mozilla/5.0 (Windows NT 10.0; Win64; x64) AppleWebKit/537.36 (KHTML, like Gecko) Chrome/135.0.0.0 Safari/537.36","url":"http://localhost:3000/admin"},"msg":"Registering listener for event: live:stream:simulcast:disconnected"}
{"level":20,"time":1746279760311,"pid":3644,"hostname":"unknown","env":"development","context":"EventBridge (Client)","client":{"userAgent":"Mozilla/5.0 (Windows NT 10.0; Win64; x64) AppleWebKit/537.36 (KHTML, like Gecko) Chrome/135.0.0.0 Safari/537.36","url":"http://localhost:3000/admin"},"msg":"Registering listener for event: live:stream:simulcast:error"}
{"level":20,"time":1746279761047,"pid":3644,"hostname":"unknown","env":"development","context":"EventBridge (Client)","client":{"userAgent":"Mozilla/5.0 (Windows NT 10.0; Win64; x64) AppleWebKit/537.36 (KHTML, like Gecko) Chrome/135.0.0.0 Safari/537.36","url":"http://localhost:3000/admin"},"msg":"Registering listener for event: recording:created"}
{"level":20,"time":1746279761056,"pid":3644,"hostname":"unknown","env":"development","context":"EventBridge (Client)","client":{"userAgent":"Mozilla/5.0 (Windows NT 10.0; Win64; x64) AppleWebKit/537.36 (KHTML, like Gecko) Chrome/135.0.0.0 Safari/537.36","url":"http://localhost:3000/admin"},"msg":"Registering listener for event: recording:ready"}
{"level":20,"time":1746279761267,"pid":3644,"hostname":"unknown","env":"development","context":"EventBridge (Client)","client":{"userAgent":"Mozilla/5.0 (Windows NT 10.0; Win64; x64) AppleWebKit/537.36 (KHTML, like Gecko) Chrome/135.0.0.0 Safari/537.36","url":"http://localhost:3000/admin"},"msg":"Registering listener for event: simulated:live:created"}
{"level":20,"time":1746279761370,"pid":3644,"hostname":"unknown","env":"development","context":"EventBridge (Client)","client":{"userAgent":"Mozilla/5.0 (Windows NT 10.0; Win64; x64) AppleWebKit/537.36 (KHTML, like Gecko) Chrome/135.0.0.0 Safari/537.36","url":"http://localhost:3000/admin"},"msg":"Registering listener for event: recording:updated"}
{"level":20,"time":1746279762081,"pid":3644,"hostname":"unknown","env":"development","context":"EventBridge (Client)","client":{"userAgent":"Mozilla/5.0 (Windows NT 10.0; Win64; x64) AppleWebKit/537.36 (KHTML, like Gecko) Chrome/135.0.0.0 Safari/537.36","url":"http://localhost:3000/admin"},"msg":"Registering listener for event: simulated:live:started"}
{"level":20,"time":1746279762099,"pid":3644,"hostname":"unknown","env":"development","context":"EventBridge (Client)","client":{"userAgent":"Mozilla/5.0 (Windows NT 10.0; Win64; x64) AppleWebKit/537.36 (KHTML, like Gecko) Chrome/135.0.0.0 Safari/537.36","url":"http://localhost:3000/admin"},"msg":"Registering listener for event: simulated:live:ended"}
{"level":20,"time":1746279762274,"pid":3644,"hostname":"unknown","env":"development","context":"EventBridge (Client)","client":{"userAgent":"Mozilla/5.0 (Windows NT 10.0; Win64; x64) AppleWebKit/537.36 (KHTML, like Gecko) Chrome/135.0.0.0 Safari/537.36","url":"http://localhost:3000/admin"},"msg":"Registering listener for event: modal:open"}
{"level":20,"time":1746279762334,"pid":3644,"hostname":"unknown","env":"development","context":"EventBridge (Client)","client":{"userAgent":"Mozilla/5.0 (Windows NT 10.0; Win64; x64) AppleWebKit/537.36 (KHTML, like Gecko) Chrome/135.0.0.0 Safari/537.36","url":"http://localhost:3000/admin"},"msg":"Registering listener for event: modal:close"}
{"level":20,"time":1746279763016,"pid":3644,"hostname":"unknown","env":"development","context":"EventBridge (Client)","client":{"userAgent":"Mozilla/5.0 (Windows NT 10.0; Win64; x64) AppleWebKit/537.36 (KHTML, like Gecko) Chrome/135.0.0.0 Safari/537.36","url":"http://localhost:3000/admin"},"msg":"Registering listener for event: notification"}
{"level":20,"time":1746279763025,"pid":3644,"hostname":"unknown","env":"development","context":"EventBridge (Client)","client":{"userAgent":"Mozilla/5.0 (Windows NT 10.0; Win64; x64) AppleWebKit/537.36 (KHTML, like Gecko) Chrome/135.0.0.0 Safari/537.36","url":"http://localhost:3000/admin"},"msg":"Registering listener for event: navigation:start"}
{"level":20,"time":1746279763206,"pid":3644,"hostname":"unknown","env":"development","context":"EventBridge (Client)","client":{"userAgent":"Mozilla/5.0 (Windows NT 10.0; Win64; x64) AppleWebKit/537.36 (KHTML, like Gecko) Chrome/135.0.0.0 Safari/537.36","url":"http://localhost:3000/admin"},"msg":"Registering listener for event: navigation:end"}
{"level":30,"time":1746279763309,"pid":3644,"hostname":"unknown","env":"development","context":"EventBridge (Client)","client":{"userAgent":"Mozilla/5.0 (Windows NT 10.0; Win64; x64) AppleWebKit/537.36 (KHTML, like Gecko) Chrome/135.0.0.0 Safari/537.36","url":"http://localhost:3000/admin"},"msg":"Connection status changed: disconnected"}
{"level":30,"time":1746279764224,"pid":3644,"hostname":"unknown","env":"development","context":"eventsService","msg":"Started connection cleanup interval"}
{"level":30,"time":1746279765732,"pid":3644,"hostname":"unknown","env":"development","context":"eventsService","msg":"Started connection cleanup interval"}
{"level":30,"time":1746279768486,"pid":32112,"hostname":"unknown","env":"development","context":"eventsService","msg":"Started connection cleanup interval"}
{"level":30,"time":1746279773203,"pid":3644,"hostname":"unknown","env":"development","context":"eventsService","msg":"Started connection cleanup interval"}
{"level":30,"time":1746279778277,"pid":3644,"hostname":"unknown","env":"development","context":"eventsService","msg":"Started connection cleanup interval"}
{"level":30,"time":1746279778938,"pid":3644,"hostname":"unknown","env":"development","context":"recordings/route","msg":"Fetching recordings"}
{"level":30,"time":1746279783910,"pid":31788,"hostname":"unknown","env":"development","context":"eventsService","msg":"Started connection cleanup interval"}
{"level":30,"time":1746279784998,"pid":8120,"hostname":"unknown","env":"development","context":"eventsService","msg":"Started connection cleanup interval"}
{"level":30,"time":1746279785181,"pid":3644,"hostname":"unknown","env":"development","context":"eventsService","msg":"Started connection cleanup interval"}
{"level":30,"time":1746279789988,"pid":3644,"hostname":"unknown","env":"development","context":"eventsService","msg":"Started connection cleanup interval"}
{"level":30,"time":1746279795493,"pid":30824,"hostname":"unknown","env":"development","context":"eventsService","msg":"Started connection cleanup interval"}
{"level":30,"time":1746279800833,"pid":16392,"hostname":"unknown","env":"development","context":"eventsService","msg":"Started connection cleanup interval"}
{"level":30,"time":1746279804781,"pid":3644,"hostname":"unknown","env":"development","context":"eventsService","msg":"Started connection cleanup interval"}
{"level":30,"time":1746279835558,"pid":3644,"hostname":"unknown","env":"development","context":"eventsService","msg":"Started connection cleanup interval"}
{"level":30,"time":1746279835639,"pid":3644,"hostname":"unknown","env":"development","context":"recordings/route","msg":"Fetching recordings"}
{"level":30,"time":1746279870567,"pid":3644,"hostname":"unknown","env":"development","context":"eventsService","msg":"Started connection cleanup interval"}
{"level":30,"time":1746279873434,"pid":25200,"hostname":"unknown","env":"development","context":"eventsService","msg":"Started connection cleanup interval"}
{"level":30,"time":1746279879426,"pid":3644,"hostname":"unknown","env":"development","context":"eventsService","msg":"Started connection cleanup interval"}
{"level":30,"time":1746279886082,"pid":15036,"hostname":"unknown","env":"development","context":"eventsService","msg":"Started connection cleanup interval"}
{"level":30,"time":1746279894646,"pid":3644,"hostname":"unknown","env":"development","context":"recordings/route","msg":"Fetching recordings"}
{"level":30,"time":1746279905731,"pid":3644,"hostname":"unknown","env":"development","context":"eventsService","msg":"Started connection cleanup interval"}
{"level":30,"time":1746279908700,"pid":26192,"hostname":"unknown","env":"development","context":"eventsService","msg":"Started connection cleanup interval"}
{"level":30,"time":1746279909615,"pid":3644,"hostname":"unknown","env":"development","context":"eventsService","msg":"Started connection cleanup interval"}
{"level":30,"time":1746279922143,"pid":11240,"hostname":"unknown","env":"development","context":"eventsService","msg":"Started connection cleanup interval"}
{"level":30,"time":1746279954696,"pid":3644,"hostname":"unknown","env":"development","context":"recordings/route","msg":"Fetching recordings"}
